"dos mas dos son 28" | Cadena
; | FinSentencia
&& | OperadorLogico
& | Caracter
|| | OperadorLogico
| | Caracter
! | OperadorLogico
! | OperadorLogico
!= | OperadorRelacional
> | OperadorRelacional
>= | OperadorRelacional
< | OperadorRelacional
<= | OperadorRelacional
== | OperadorRelacional
Area | Identificador
= | Asignacion
( | Caracter
radio | Identificador
* | OperadorFactor
radio | Identificador
) | Caracter
* | OperadorFactor
3.141592 | Numero
* | OperadorFactor
h | Identificador
; | FinSentencia
Contar | Identificador
+= | IncrementoTermino
1 | Numero
; | FinSentencia
++ | IncrementoTermino
+ | OperadorTermino
-- | IncrementoTermino
- | OperadorTermino
% | OperadorFactor
% | OperadorFactor
$ | Caracter
$ | Caracter
